Flow report for MOTOR
Mon Aug 06 16:05:17 2018
Quartus II 32-bit Version 13.0.0 Build 156 04/24/2013 SJ Web Edition


---------------------
; Table of Contents ;
---------------------
  1. Legal Notice
  2. Flow Summary
  3. Flow Settings
  4. Flow Non-Default Global Settings
  5. Flow Elapsed Time
  6. Flow OS Summary
  7. Flow Log
  8. Flow Messages
  9. Flow Suppressed Messages



----------------
; Legal Notice ;
----------------
Copyright (C) 1991-2013 Altera Corporation
Your use of Altera Corporation's design tools, logic functions 
and other software and tools, and its AMPP partner logic 
functions, and any output files from any of the foregoing 
(including device programming or simulation files), and any 
associated documentation or information are expressly subject 
to the terms and conditions of the Altera Program License 
Subscription Agreement, Altera MegaCore Function License 
Agreement, or other applicable license agreement, including, 
without limitation, that your use is for the sole purpose of 
programming logic devices manufactured by Altera and sold by 
Altera or its authorized distributors.  Please refer to the 
applicable agreement for further details.



+---------------------------------------------------------------------------------+
; Flow Summary                                                                    ;
+------------------------------------+--------------------------------------------+
; Flow Status                        ; Successful - Mon Aug 06 16:05:17 2018      ;
; Quartus II 32-bit Version          ; 13.0.0 Build 156 04/24/2013 SJ Web Edition ;
; Revision Name                      ; MOTOR                                      ;
; Top-level Entity Name              ; MOTOR                                      ;
; Family                             ; Cyclone IV GX                              ;
; Device                             ; EP4CGX15BF14C8                             ;
; Timing Models                      ; Final                                      ;
; Total logic elements               ; 8                                          ;
;     Total combinational functions  ; 8                                          ;
;     Dedicated logic registers      ; 3                                          ;
; Total registers                    ; 3                                          ;
; Total pins                         ; 12                                         ;
; Total virtual pins                 ; 0                                          ;
; Total memory bits                  ; 0                                          ;
; Embedded Multiplier 9-bit elements ; 0                                          ;
; Total GXB Receiver Channel PCS     ; 0                                          ;
; Total GXB Receiver Channel PMA     ; 0                                          ;
; Total GXB Transmitter Channel PCS  ; 0                                          ;
; Total GXB Transmitter Channel PMA  ; 0                                          ;
; Total PLLs                         ; 0                                          ;
+------------------------------------+--------------------------------------------+


+-----------------------------------------+
; Flow Settings                           ;
+-------------------+---------------------+
; Option            ; Setting             ;
+-------------------+---------------------+
; Start date & time ; 08/06/2018 16:04:00 ;
; Main task         ; Compilation         ;
; Revision Name     ; MOTOR               ;
+-------------------+---------------------+


+-------------------------------------------------------------------------------------------------------------------+
; Flow Non-Default Global Settings                                                                                  ;
+-------------------------------------+------------------------------+---------------+-------------+----------------+
; Assignment Name                     ; Value                        ; Default Value ; Entity Name ; Section Id     ;
+-------------------------------------+------------------------------+---------------+-------------+----------------+
; COMPILER_SIGNATURE_ID               ; 165403033778.153358223902884 ; --            ; --          ; --             ;
; EDA_GENERATE_FUNCTIONAL_NETLIST     ; On                           ; --            ; --          ; eda_simulation ;
; EDA_OUTPUT_DATA_FORMAT              ; Verilog Hdl                  ; --            ; --          ; eda_simulation ;
; EDA_SIMULATION_TOOL                 ; ModelSim-Altera (Verilog)    ; <None>        ; --          ; --             ;
; MAX_CORE_JUNCTION_TEMP              ; 85                           ; --            ; --          ; --             ;
; MIN_CORE_JUNCTION_TEMP              ; 0                            ; --            ; --          ; --             ;
; NOMINAL_CORE_SUPPLY_VOLTAGE         ; 1.2V                         ; --            ; --          ; --             ;
; PARTITION_COLOR                     ; 16764057                     ; --            ; --          ; Top            ;
; PARTITION_FITTER_PRESERVATION_LEVEL ; PLACEMENT_AND_ROUTING        ; --            ; --          ; Top            ;
; PARTITION_NETLIST_TYPE              ; SOURCE                       ; --            ; --          ; Top            ;
; PROJECT_OUTPUT_DIRECTORY            ; output_files                 ; --            ; --          ; --             ;
+-------------------------------------+------------------------------+---------------+-------------+----------------+


+--------------------------------------------------------------------------------------------------------------------------+
; Flow Elapsed Time                                                                                                        ;
+----------------------+--------------+-------------------------+---------------------+------------------------------------+
; Module Name          ; Elapsed Time ; Average Processors Used ; Peak Virtual Memory ; Total CPU Time (on all processors) ;
+----------------------+--------------+-------------------------+---------------------+------------------------------------+
; Analysis & Synthesis ; 00:00:05     ; 1.0                     ; 374 MB              ; 00:00:04                           ;
; EDA Netlist Writer   ; 00:00:03     ; 1.0                     ; 350 MB              ; 00:00:03                           ;
; EDA Netlist Writer   ; 00:00:03     ; 1.0                     ; 350 MB              ; 00:00:03                           ;
; EDA Netlist Writer   ; 00:00:03     ; 1.0                     ; 350 MB              ; 00:00:03                           ;
; Total                ; 00:00:14     ; --                      ; --                  ; 00:00:13                           ;
+----------------------+--------------+-------------------------+---------------------+------------------------------------+


+-----------------------------------------------------------------------------------+
; Flow OS Summary                                                                   ;
+----------------------+------------------+-----------+------------+----------------+
; Module Name          ; Machine Hostname ; OS Name   ; OS Version ; Processor type ;
+----------------------+------------------+-----------+------------+----------------+
; Analysis & Synthesis ; HUGOMON-PC       ; Windows 7 ; 6.1        ; i686           ;
; EDA Netlist Writer   ; HUGOMON-PC       ; Windows 7 ; 6.1        ; i686           ;
; EDA Netlist Writer   ; HUGOMON-PC       ; Windows 7 ; 6.1        ; i686           ;
; EDA Netlist Writer   ; HUGOMON-PC       ; Windows 7 ; 6.1        ; i686           ;
+----------------------+------------------+-----------+------------+----------------+


------------
; Flow Log ;
------------
quartus_map --read_settings_files=on --write_settings_files=off MOTOR -c MOTOR
quartus_eda --gen_testbench --check_outputs=on --tool=modelsim_oem --format=verilog MOTOR -c MOTOR --vector_source=C:/Users/guido/Desktop/PAP/mp/MOT/Waveform1.vwf --testbench_file=./simulation/qsim/MOTOR.vt
quartus_eda --gen_testbench --check_outputs=on --tool=modelsim_oem --format=verilog MOTOR -c MOTOR --vector_source=C:/Users/guido/Desktop/PAP/mp/MOT/Waveform1.vwf --testbench_file=./simulation/qsim/MOTOR.vt
quartus_eda --functional=on --simulation=on --tool=modelsim_oem --format=verilog MOTOR -c MOTOR



